<?xml version="1.0" encoding="UTF-8"?>
<!-- Generated by org.testng.reporters.JUnitReportReporter -->
<testsuite skipped="11" hostname="LAPTOP-GCKKSIT6" name="IBM.LP_12.Testing_basics" tests="14" failures="0" timestamp="28 May 2021 07:31:10 GMT" time="3.517" errors="0">
  <testcase name="dataSourceExample" time="3.432" classname="IBM.LP_12.Testing_basics"/>
  <testcase name="dataSourceExample" time="0.084" classname="IBM.LP_12.Testing_basics"/>
  <testcase name="firstTestCase" time="0.001" classname="IBM.LP_12.Testing_basics"/>
  <testcase name="assertions" classname="IBM.LP_12.Testing_basics">
    <skipped/>
  </testcase> <!-- assertions -->
  <testcase name="jsonBody" classname="IBM.LP_12.Testing_basics">
    <skipped/>
  </testcase> <!-- jsonBody -->
  <testcase name="pojoExample" classname="IBM.LP_12.Testing_basics">
    <skipped/>
  </testcase> <!-- pojoExample -->
  <testcase name="fetchJsonBody" classname="IBM.LP_12.Testing_basics">
    <skipped/>
  </testcase> <!-- fetchJsonBody -->
  <testcase name="deleteMethod" classname="IBM.LP_12.Testing_basics">
    <skipped/>
  </testcase> <!-- deleteMethod -->
  <testcase name="patchMethod" classname="IBM.LP_12.Testing_basics">
    <skipped/>
  </testcase> <!-- patchMethod -->
  <testcase name="postMethod" classname="IBM.LP_12.Testing_basics">
    <skipped/>
  </testcase> <!-- postMethod -->
  <testcase name="postMethodResponse" classname="IBM.LP_12.Testing_basics">
    <skipped/>
  </testcase> <!-- postMethodResponse -->
  <testcase name="jsonNestedBody" classname="IBM.LP_12.Testing_basics">
    <skipped/>
  </testcase> <!-- jsonNestedBody -->
  <testcase name="queryParameterExample" classname="IBM.LP_12.Testing_basics">
    <skipped/>
  </testcase> <!-- queryParameterExample -->
  <testcase name="putMethod" classname="IBM.LP_12.Testing_basics">
    <skipped/>
  </testcase> <!-- putMethod -->
</testsuite> <!-- IBM.LP_12.Testing_basics -->
